18:02:11.862 [main] INFO  api.tests.UserTests - *************Creating User**************
18:02:14.324 [main] INFO  api.tests.UserTests - *************User Created****************
18:02:14.371 [main] INFO  api.tests.UserTests - *************Getting User**************
18:02:15.576 [main] INFO  api.tests.UserTests - *************User Retrieved**************
18:02:15.580 [main] INFO  api.tests.UserTests - *************Updating User**************
18:02:16.676 [main] INFO  api.tests.UserTests - *************User Updated**************
18:02:17.800 [main] INFO  api.tests.UserTests - *************Deleting User**************
18:02:18.943 [main] INFO  api.tests.UserTests - *************User Deleted**************
18:07:18.923 [main] INFO  api.tests.UserTests - *************Creating User**************
18:07:21.389 [main] INFO  api.tests.UserTests - *************User Created****************
18:07:21.438 [main] INFO  api.tests.UserTests - *************Getting User**************
18:07:22.578 [main] INFO  api.tests.UserTests - *************User Retrieved**************
18:07:22.582 [main] INFO  api.tests.UserTests - *************Updating User**************
18:07:23.776 [main] INFO  api.tests.UserTests - *************User Updated**************
18:07:24.892 [main] INFO  api.tests.UserTests - *************Deleting User**************
18:07:26.084 [main] INFO  api.tests.UserTests - *************User Deleted**************
19:01:04.672 [main] INFO  api.tests.UserTests2 - *************Creating User**************
19:01:08.070 [main] INFO  api.tests.UserTests2 - *************User Created****************
19:01:08.158 [main] INFO  api.tests.UserTests2 - *************Getting User**************
19:01:09.634 [main] INFO  api.tests.UserTests2 - *************Updating User**************
19:01:10.976 [main] INFO  api.tests.UserTests2 - *************User Updated**************
19:01:12.200 [main] INFO  api.tests.UserTests2 - *************Deleting User**************
19:01:13.377 [main] INFO  api.tests.UserTests2 - *************User Deleted**************
19:01:25.864 [main] INFO  api.tests.UserTests2 - *************Creating User**************
19:01:29.489 [main] INFO  api.tests.UserTests2 - *************User Created****************
19:01:29.582 [main] INFO  api.tests.UserTests2 - *************Getting User**************
19:01:30.864 [main] INFO  api.tests.UserTests2 - *************Updating User**************
19:01:31.994 [main] INFO  api.tests.UserTests2 - *************User Updated**************
19:01:33.284 [main] INFO  api.tests.UserTests2 - *************Deleting User**************
19:01:52.565 [main] INFO  api.tests.UserTests2 - *************Creating User**************
19:01:55.934 [main] INFO  api.tests.UserTests2 - *************User Created****************
19:01:56.034 [main] INFO  api.tests.UserTests2 - *************Getting User**************
19:01:57.227 [main] INFO  api.tests.UserTests2 - *************User Retrieved**************
19:01:57.252 [main] INFO  api.tests.UserTests2 - *************Updating User**************
19:01:58.460 [main] INFO  api.tests.UserTests2 - *************User Updated**************
19:01:59.719 [main] INFO  api.tests.UserTests2 - *************Deleting User**************
19:02:14.599 [main] INFO  api.tests.UserTests2 - *************Creating User**************
19:02:17.882 [main] INFO  api.tests.UserTests2 - *************User Created****************
19:02:17.984 [main] INFO  api.tests.UserTests2 - *************Getting User**************
19:02:19.351 [main] INFO  api.tests.UserTests2 - *************Updating User**************
19:02:20.672 [main] INFO  api.tests.UserTests2 - *************User Updated**************
19:02:22.056 [main] INFO  api.tests.UserTests2 - *************Deleting User**************
19:02:23.301 [main] INFO  api.tests.UserTests2 - *************User Deleted**************
19:58:15.901 [main] INFO  api.tests.UserTests2 - *************Creating User**************
19:58:19.367 [main] INFO  api.tests.UserTests2 - *************User Created****************
19:58:19.453 [main] INFO  api.tests.UserTests2 - *************Getting User**************
19:58:20.793 [main] INFO  api.tests.UserTests2 - *************Updating User**************
19:58:22.232 [main] INFO  api.tests.UserTests2 - *************User Updated**************
19:58:23.827 [main] INFO  api.tests.UserTests2 - *************Deleting User**************
19:58:25.495 [main] INFO  api.tests.UserTests2 - *************User Deleted**************
16:09:39.452 [main] INFO  api.tests.UserTests2 - *************Creating User**************
16:09:42.376 [main] INFO  api.tests.UserTests2 - *************User Created****************
16:09:42.422 [main] INFO  api.tests.UserTests2 - *************Getting User**************
16:09:43.588 [main] INFO  api.tests.UserTests2 - *************Updating User**************
16:09:44.756 [main] INFO  api.tests.UserTests2 - *************User Updated**************
16:09:45.847 [main] INFO  api.tests.UserTests2 - *************Deleting User**************
16:09:47.095 [main] INFO  api.tests.UserTests2 - *************User Deleted**************
